# JRE version: Java(TM) SE Runtime Environment (8.0_111-b14) (build 1.8.0_111-b14)
# Java VM: Java HotSpot(TM) 64-Bit Server VM (25.111-b14 mixed mode windows-amd64 compressed oops)
Heap:
 PSYoungGen      total 1282048K, used 1078147K [0x000000076b380000, 0x00000007bd600000, 0x00000007c0000000)
  eden space 1276928K, 84% used [0x000000076b380000,0x00000007acbab230,0x00000007b9280000)
  from space 5120K, 94% used [0x00000007bd080000,0x00000007bd535ab0,0x00000007bd580000)
  to   space 512K, 0% used [0x00000007bd580000,0x00000007bd580000,0x00000007bd600000)
 ParOldGen       total 175104K, used 8741K [0x00000006c1a00000, 0x00000006cc500000, 0x000000076b380000)
  object space 175104K, 4% used [0x00000006c1a00000,0x00000006c2289740,0x00000006cc500000)
 Metaspace       used 11197K, capacity 11400K, committed 11520K, reserved 1058816K
  class space    used 1422K, capacity 1487K, committed 1536K, reserved 1048576K
GC Heap History (10 events):
Event: 6.153 GC heap before
{Heap before GC invocations=9 (full 0):
 PSYoungGen      total 528384K, used 526459K [0x000000076b380000, 0x000000078bc80000, 0x00000007c0000000)
  eden space 523264K, 100% used [0x000000076b380000,0x000000078b280000,0x000000078b280000)
  from space 5120K, 62% used [0x000000078b780000,0x000000078ba9ee88,0x000000078bc80000)
  to   space 5120K, 0% used [0x000000078b280000,0x000000078b280000,0x000000078b780000)
 ParOldGen       total 175104K, used 3213K [0x00000006c1a00000, 0x00000006cc500000, 0x000000076b380000)
  object space 175104K, 1% used [0x00000006c1a00000,0x00000006c1d23430,0x00000006cc500000)
 Metaspace       used 11197K, capacity 11400K, committed 11520K, reserved 1058816K
  class space    used 1422K, capacity 1487K, committed 1536K, reserved 1048576K
Event: 6.160 GC heap after
Heap after GC invocations=9 (full 0):
 PSYoungGen      total 528384K, used 2865K [0x000000076b380000, 0x000000079ef80000, 0x00000007c0000000)
  eden space 523264K, 0% used [0x000000076b380000,0x000000076b380000,0x000000078b280000)
  from space 5120K, 55% used [0x000000078b280000,0x000000078b54c6d0,0x000000078b780000)
  to   space 5120K, 0% used [0x000000079ea80000,0x000000079ea80000,0x000000079ef80000)
 ParOldGen       total 175104K, used 3213K [0x00000006c1a00000, 0x00000006cc500000, 0x000000076b380000)
  object space 175104K, 1% used [0x00000006c1a00000,0x00000006c1d23430,0x00000006cc500000)
 Metaspace       used 11197K, capacity 11400K, committed 11520K, reserved 1058816K
  class space    used 1422K, capacity 1487K, committed 1536K, reserved 1048576K
}
Event: 6.870 GC heap before
{Heap before GC invocations=10 (full 0):
 PSYoungGen      total 528384K, used 526129K [0x000000076b380000, 0x000000079ef80000, 0x00000007c0000000)
  eden space 523264K, 100% used [0x000000076b380000,0x000000078b280000,0x000000078b280000)
  from space 5120K, 55% used [0x000000078b280000,0x000000078b54c6d0,0x000000078b780000)
  to   space 5120K, 0% used [0x000000079ea80000,0x000000079ea80000,0x000000079ef80000)
 ParOldGen       total 175104K, used 3213K [0x00000006c1a00000, 0x00000006cc500000, 0x000000076b380000)
  object space 175104K, 1% used [0x00000006c1a00000,0x00000006c1d23430,0x00000006cc500000)
 Metaspace       used 11197K, capacity 11400K, committed 11520K, reserved 1058816K
  class space    used 1422K, capacity 1487K, committed 1536K, reserved 1048576K
Event: 6.872 GC heap after
Heap after GC invocations=10 (full 0):
 PSYoungGen      total 842752K, used 4491K [0x000000076b380000, 0x000000079ef80000, 0x00000007c0000000)
  eden space 837632K, 0% used [0x000000076b380000,0x000000076b380000,0x000000079e580000)
  from space 5120K, 87% used [0x000000079ea80000,0x000000079eee2f60,0x000000079ef80000)
  to   space 5120K, 0% used [0x000000079e580000,0x000000079e580000,0x000000079ea80000)
 ParOldGen       total 175104K, used 4231K [0x00000006c1a00000, 0x00000006cc500000, 0x000000076b380000)
  object space 175104K, 2% used [0x00000006c1a00000,0x00000006c1e21f88,0x00000006cc500000)
 Metaspace       used 11197K, capacity 11400K, committed 11520K, reserved 1058816K
  class space    used 1422K, capacity 1487K, committed 1536K, reserved 1048576K
}
Event: 7.687 GC heap before
{Heap before GC invocations=11 (full 0):
 PSYoungGen      total 842752K, used 842123K [0x000000076b380000, 0x000000079ef80000, 0x00000007c0000000)
  eden space 837632K, 100% used [0x000000076b380000,0x000000079e580000,0x000000079e580000)
  from space 5120K, 87% used [0x000000079ea80000,0x000000079eee2f60,0x000000079ef80000)
  to   space 5120K, 0% used [0x000000079e580000,0x000000079e580000,0x000000079ea80000)
 ParOldGen       total 175104K, used 4231K [0x00000006c1a00000, 0x00000006cc500000, 0x000000076b380000)
  object space 175104K, 2% used [0x00000006c1a00000,0x00000006c1e21f88,0x00000006cc500000)
 Metaspace       used 11197K, capacity 11400K, committed 11520K, reserved 1058816K
  class space    used 1422K, capacity 1487K, committed 1536K, reserved 1048576K
Event: 7.690 GC heap after
Heap after GC invocations=11 (full 0):
 PSYoungGen      total 842752K, used 3400K [0x000000076b380000, 0x00000007bda80000, 0x00000007c0000000)
  eden space 837632K, 0% used [0x000000076b380000,0x000000076b380000,0x000000079e580000)
  from space 5120K, 66% used [0x000000079e580000,0x000000079e8d23a0,0x000000079ea80000)
  to   space 5120K, 0% used [0x00000007bd580000,0x00000007bd580000,0x00000007bda80000)
 ParOldGen       total 175104K, used 6016K [0x00000006c1a00000, 0x00000006cc500000, 0x000000076b380000)
  object space 175104K, 3% used [0x00000006c1a00000,0x00000006c1fe0370,0x00000006cc500000)
 Metaspace       used 11197K, capacity 11400K, committed 11520K, reserved 1058816K
  class space    used 1422K, capacity 1487K, committed 1536K, reserved 1048576K
}
Event: 8.341 GC heap before
{Heap before GC invocations=12 (full 0):
 PSYoungGen      total 842752K, used 841032K [0x000000076b380000, 0x00000007bda80000, 0x00000007c0000000)
  eden space 837632K, 100% used [0x000000076b380000,0x000000079e580000,0x000000079e580000)
  from space 5120K, 66% used [0x000000079e580000,0x000000079e8d23a0,0x000000079ea80000)
  to   space 5120K, 0% used [0x00000007bd580000,0x00000007bd580000,0x00000007bda80000)
 ParOldGen       total 175104K, used 6016K [0x00000006c1a00000, 0x00000006cc500000, 0x000000076b380000)
  object space 175104K, 3% used [0x00000006c1a00000,0x00000006c1fe0370,0x00000006cc500000)
 Metaspace       used 11197K, capacity 11400K, committed 11520K, reserved 1058816K
  class space    used 1422K, capacity 1487K, committed 1536K, reserved 1048576K
Event: 8.343 GC heap after
Heap after GC invocations=12 (full 0):
 PSYoungGen      total 1345536K, used 2330K [0x000000076b380000, 0x00000007bda80000, 0x00000007c0000000)
  eden space 1340416K, 0% used [0x000000076b380000,0x000000076b380000,0x00000007bd080000)
  from space 5120K, 45% used [0x00000007bd580000,0x00000007bd7c6a60,0x00000007bda80000)
  to   space 5120K, 0% used [0x00000007bd080000,0x00000007bd080000,0x00000007bd580000)
 ParOldGen       total 175104K, used 7383K [0x00000006c1a00000, 0x00000006cc500000, 0x000000076b380000)
  object space 175104K, 4% used [0x00000006c1a00000,0x00000006c2135d50,0x00000006cc500000)
 Metaspace       used 11197K, capacity 11400K, committed 11520K, reserved 1058816K
  class space    used 1422K, capacity 1487K, committed 1536K, reserved 1048576K
}
Event: 10.618 GC heap before
{Heap before GC invocations=13 (full 0):
 PSYoungGen      total 1345536K, used 1342746K [0x000000076b380000, 0x00000007bda80000, 0x00000007c0000000)
  eden space 1340416K, 100% used [0x000000076b380000,0x00000007bd080000,0x00000007bd080000)
  from space 5120K, 45% used [0x00000007bd580000,0x00000007bd7c6a60,0x00000007bda80000)
  to   space 5120K, 0% used [0x00000007bd080000,0x00000007bd080000,0x00000007bd580000)
 ParOldGen       total 175104K, used 7383K [0x00000006c1a00000, 0x00000006cc500000, 0x000000076b380000)
  object space 175104K, 4% used [0x00000006c1a00000,0x00000006c2135d50,0x00000006cc500000)
 Metaspace       used 11197K, capacity 11400K, committed 11520K, reserved 1058816K
  class space    used 1422K, capacity 1487K, committed 1536K, reserved 1048576K
Event: 10.622 GC heap after
Heap after GC invocations=13 (full 0):
 PSYoungGen      total 1282048K, used 4822K [0x000000076b380000, 0x00000007bd600000, 0x00000007c0000000)
  eden space 1276928K, 0% used [0x000000076b380000,0x000000076b380000,0x00000007b9280000)
  from space 5120K, 94% used [0x00000007bd080000,0x00000007bd535ab0,0x00000007bd580000)
  to   space 512K, 0% used [0x00000007bd580000,0x00000007bd580000,0x00000007bd600000)
 ParOldGen       total 175104K, used 8741K [0x00000006c1a00000, 0x00000006cc500000, 0x000000076b380000)
  object space 175104K, 4% used [0x00000006c1a00000,0x00000006c2289740,0x00000006cc500000)
 Metaspace       used 11197K, capacity 11400K, committed 11520K, reserved 1058816K
  class space    used 1422K, capacity 1487K, committed 1536K, reserved 1048576K
}

